<?xml version="1.0" encoding="UTF-8"?>
<!-- Generated by org.testng.reporters.JUnitReportReporter -->
<testsuite skipped="0" hostname="DESKTOP-RNTJV4M" name="Automation.Session4_5Assignment.AppTest" tests="3" failures="0" timestamp="02 Sep 2020 18:07:42 GMT" time="43.376" errors="0">
  <testcase name="CreateAccount" time="15.664" classname="Automation.Session4_5Assignment.AppTest"/>
  <testcase name="AddtoCard" time="19.704" classname="Automation.Session4_5Assignment.AppTest"/>
  <testcase name="Card" time="8.008" classname="Automation.Session4_5Assignment.AppTest"/>
</testsuite> <!-- Automation.Session4_5Assignment.AppTest -->
