<?xml version="1.0" encoding="UTF-8"?>
<!-- Generated by org.testng.reporters.JUnitReportReporter -->
<testsuite skipped="0" hostname="DESKTOP-RNTJV4M" name="Automation.Session4_Assignment.AppTest" tests="3" failures="0" timestamp="02 Sep 2020 17:59:45 GMT" time="71.920" errors="0">
  <testcase name="CreateAccount" time="25.242" classname="Automation.Session4_Assignment.AppTest"/>
  <testcase name="AddtoCard" time="34.481" classname="Automation.Session4_Assignment.AppTest"/>
  <testcase name="Card" time="12.197" classname="Automation.Session4_Assignment.AppTest"/>
</testsuite> <!-- Automation.Session4_Assignment.AppTest -->
